Arguments: 
  C:\Program Files\nodejs\node.exe C:\Users\abdo\AppData\Roaming\npm\node_modules\yarn\bin\yarn.js add @react-native-fbsdk

PATH: 
  C:\WINDOWS\system32;C:\WINDOWS;C:\WINDOWS\System32\Wbem;C:\WINDOWS\System32\WindowsPowerShell\v1.0\;C:\WINDOWS\System32\OpenSSH\;C:\Program Files\nodejs\;C:\Program Files (x86)\Git\cmd;C:\Users\abdo\AppData\Local\Microsoft\WindowsApps;C:\Users\abdo\AppData\Local\Programs\Microsoft VS Code\bin;C:\Users\abdo\AppData\Local\GitHubDesktop\bin;C:\Users\abdo\AppData\Roaming\npm

Yarn version: 
  1.22.19

Node version: 
  18.17.0

Platform: 
  win32 x64

Trace: 
  Error: https://registry.yarnpkg.com/@react-native-fbsdk: Request "https://registry.yarnpkg.com/@react-native-fbsdk" returned a 405
      at params.callback [as _callback] (C:\Users\abdo\AppData\Roaming\npm\node_modules\yarn\lib\cli.js:66154:18)
      at self.callback (C:\Users\abdo\AppData\Roaming\npm\node_modules\yarn\lib\cli.js:140890:22)
      at Request.emit (node:events:514:28)
      at Request.<anonymous> (C:\Users\abdo\AppData\Roaming\npm\node_modules\yarn\lib\cli.js:141862:10)
      at Request.emit (node:events:514:28)
      at IncomingMessage.<anonymous> (C:\Users\abdo\AppData\Roaming\npm\node_modules\yarn\lib\cli.js:141784:12)
      at Object.onceWrapper (node:events:628:28)
      at IncomingMessage.emit (node:events:526:35)
      at endReadableNT (node:internal/streams/readable:1359:12)
      at process.processTicksAndRejections (node:internal/process/task_queues:82:21)

npm manifest: 
  {
    "name": "my-app",
    "version": "1.0.0",
    "main": "node_modules/expo/AppEntry.js",
    "scripts": {
      "start": "expo start",
      "android": "expo start --android",
      "ios": "expo start --ios",
      "web": "expo start --web"
    },
    "dependencies": {
      "@babel/core": "7.19.6",
      "@babel/generator": "7.19.6",
      "@babel/helper-compilation-targets": "7.19.3",
      "@babel/helper-create-class-features-plugin": "7.19.0",
      "@babel/helper-module-transforms": "7.19.6",
      "@expo/vector-icons": "^13.0.0",
      "@expo/webpack-config": "^18.0.1",
      "@react-native-community/masked-view": "^0.1.11",
      "@react-navigation/bottom-tabs": "^6.5.8",
      "@react-navigation/drawer": "^6.6.3",
      "@react-navigation/native": "^6.1.7",
      "@react-navigation/native-stack": "^6.9.13",
      "axios": "^0.21.4",
      "expo": "~48.0.18",
      "expo-google-sign-in": "^11.0.0",
      "expo-status-bar": "~1.4.4",
      "firebase": "^10.1.0",
      "i18next": "^23.4.4",
      "install": "^0.13.0",
      "intl-pluralrules": "^2.0.1",
      "npm": "^9.8.0",
      "react": "18.2.0",
      "react-dom": "18.2.0",
      "react-i18next": "^13.1.1",
      "react-is": "^18.2.0",
      "react-native": "0.71.8",
      "react-native-fbsdk": "^3.0.0",
      "react-native-gesture-handler": "~2.9.0",
      "react-native-google-places-autocomplete": "^2.5.1",
      "react-native-maps": "1.3.2",
      "react-native-reanimated": "~2.14.4",
      "react-native-safe-area-context": "4.5.0",
      "react-native-screens": "~3.20.0",
      "react-native-svg": "13.4.0",
      "react-native-swipe": "^1.0.0",
      "react-native-swiper": "^1.6.0",
      "react-native-vector-icons": "^10.0.0",
      "react-native-web": "~0.18.10",
      "react-native-web-swiper": "^2.2.4",
      "source-map-loader": "^4.0.1",
      "yarn": "^1.22.19"
    },
    "devDependencies": {
      "@babel/core": "^7.20.0"
    },
    "private": true
  }

yarn manifest: 
  No manifest

Lockfile: 
  No lockfile
